[32m[2024-12-19 20:08:37] Welcome to Family Menu
[32m[2024-12-19 20:08:37] Free Application
[32m[2024-12-19 20:08:37] https://discord.gg/4Xz2ERPw
[34m[2024-12-19 20:08:37] Gt hook
[34m[2024-12-19 20:08:37] Gp hook
[34m[2024-12-19 20:08:37] Is hook
[34m[2024-12-19 20:08:38] Gi hook
[34m[2024-12-19 20:08:38] St hook
[34m[2024-12-19 20:08:38] Ic hook
[34m[2024-12-19 20:08:38] Id hook
[34m[2024-12-19 20:08:38] Gh hook
[34m[2024-12-19 20:08:38] Fv hook
[34m[2024-12-19 20:08:38] Iq hook
[34m[2024-12-19 20:08:38] Ht hook
[34m[2024-12-19 20:08:38] Ph hook
[34m[2024-12-19 20:08:38] Qd hook
[34m[2024-12-19 20:08:38] Ct hook
[34m[2024-12-19 20:08:38] Se hook
[34m[2024-12-19 20:08:38] Vx hook
[34m[2024-12-19 20:08:38] Gl hook
[34m[2024-12-19 20:08:38] Sg hook
[34m[2024-12-19 20:08:38] Sm hook
[34m[2024-12-19 20:08:38] Gf hook
[34m[2024-12-19 20:08:38] Hd hook
[34m[2024-12-19 20:08:39] Vf hook
[34m[2024-12-19 20:08:39] Dc hook
[34m[2024-12-19 20:08:39] Tf hook
[34m[2024-12-19 20:08:39] Ea hook
[34m[2024-12-19 20:08:39] Gf hook
[34m[2024-12-19 20:08:39] Hg hook
[34m[2024-12-19 20:08:39] Wp hook
[34m[2024-12-19 20:08:39] Ws hook
[34m[2024-12-19 20:08:39] Eb hook
[34m[2024-12-19 20:08:39] Pp Hook
[34m[2024-12-19 20:08:39] Vp Hook
[34m[2024-12-19 20:08:39] Hq hook
[34m[2024-12-19 20:08:40] No hook
[34m[2024-12-19 20:08:40] Pi Hook
[34m[2024-12-19 20:08:40] Op Hook
[34m[2024-12-19 20:08:40] Nr hook
[34m[2024-12-19 20:08:40] Ca hook
[34m[2024-12-19 20:08:40] Np hook
[34m[2024-12-19 20:08:40] Rc hook
[34m[2024-12-19 20:08:40] Hg hook
[34m[2024-12-19 20:08:40] Rs hook
[34m[2024-12-19 20:08:40] Go hook
[34m[2024-12-19 20:08:40] Hc hook
[34m[2024-12-19 20:08:40] Fr Hook
[34m[2024-12-19 20:08:40] Aq hook
[34m[2024-12-19 20:08:41] Ai hook
[33m[2024-12-19 20:08:41] Vulkan
[32m[2024-12-19 20:08:41] Gi Info
[32m[2024-12-19 20:08:41] Sk Info
[32m[2024-12-19 20:08:41] Dg Info
[32m[2024-12-19 20:08:41] Hi Info
[32m[2024-12-19 20:08:41] Si Info
[32m[2024-12-19 20:08:41] Fi Info
[32m[2024-12-19 20:08:41] Gi Info
[32m[2024-12-19 20:08:41] Ns Info
[32m[2024-12-19 20:08:41] Fi Info
[33m[2024-12-19 20:08:41] Li Info
[32m[2024-12-19 20:08:41] Sa Info
[32m[2024-12-19 20:08:41] Menu Key : F4
[32m[2024-12-19 20:08:41] Unload Key : END
