[32m[2024-12-17 23:11:15] Welcome to Family Menu
[32m[2024-12-17 23:11:15] Free Application
[32m[2024-12-17 23:11:15] https://discord.gg/4Xz2ERPw
[34m[2024-12-17 23:11:15] Gt hook
[34m[2024-12-17 23:11:15] Gp hook
[34m[2024-12-17 23:11:15] Is hook
[34m[2024-12-17 23:11:15] St hook
[34m[2024-12-17 23:11:15] Ic hook
[34m[2024-12-17 23:11:15] Gh hook
[34m[2024-12-17 23:11:15] Id hook
[34m[2024-12-17 23:11:15] Gi hook
[34m[2024-12-17 23:11:16] Fv hook
[34m[2024-12-17 23:11:16] Iq hook
[34m[2024-12-17 23:11:16] Qd hook
[34m[2024-12-17 23:11:16] Ph hook
[34m[2024-12-17 23:11:16] Ht hook
[34m[2024-12-17 23:11:16] Se hook
[34m[2024-12-17 23:11:16] Ct hook
[34m[2024-12-17 23:11:16] Gl hook
[34m[2024-12-17 23:11:16] Vx hook
[34m[2024-12-17 23:11:16] Sg hook
[34m[2024-12-17 23:11:16] Sm hook
[34m[2024-12-17 23:11:16] Dc hook
[34m[2024-12-17 23:11:16] Gf hook
[34m[2024-12-17 23:11:16] Hd hook
[34m[2024-12-17 23:11:16] Vf hook
[34m[2024-12-17 23:11:17] Wp hook
[34m[2024-12-17 23:11:17] Gf hook
[34m[2024-12-17 23:11:17] Tf hook
[34m[2024-12-17 23:11:17] Ea hook
[34m[2024-12-17 23:11:17] Hg hook
[34m[2024-12-17 23:11:17] Eb hook
[34m[2024-12-17 23:11:17] Ws hook
[34m[2024-12-17 23:11:17] No hook
[34m[2024-12-17 23:11:17] Pp Hook
[34m[2024-12-17 23:11:17] Vp Hook
[34m[2024-12-17 23:11:17] Hq hook
[34m[2024-12-17 23:11:18] Hc hook
[34m[2024-12-17 23:11:18] Np hook
[34m[2024-12-17 23:11:18] Op Hook
[34m[2024-12-17 23:11:18] Pi Hook
[34m[2024-12-17 23:11:18] Go hook
[34m[2024-12-17 23:11:18] Hg hook
[34m[2024-12-17 23:11:18] Rc hook
[34m[2024-12-17 23:11:18] Ca hook
[34m[2024-12-17 23:11:18] Nr hook
[34m[2024-12-17 23:11:18] Rs hook
[34m[2024-12-17 23:11:18] Fr Hook
[34m[2024-12-17 23:11:18] Aq hook
[34m[2024-12-17 23:11:19] Ai hook
[33m[2024-12-17 23:11:19] Vulkan
[32m[2024-12-17 23:11:19] Gi Info
[32m[2024-12-17 23:11:19] Sk Info
[32m[2024-12-17 23:11:19] Dg Info
[32m[2024-12-17 23:11:19] Hi Info
[32m[2024-12-17 23:11:19] Si Info
[32m[2024-12-17 23:11:19] Fi Info
[32m[2024-12-17 23:11:19] Gi Info
[32m[2024-12-17 23:11:19] Ns Info
[32m[2024-12-17 23:11:19] Fi Info
[33m[2024-12-17 23:11:19] Li Info
[32m[2024-12-17 23:11:19] Sa Info
[32m[2024-12-17 23:11:19] Menu Key : F4
[32m[2024-12-17 23:11:19] Unload Key : END
[33m[2024-12-17 23:36:04] Blocked from NeonSRT22 Blocked Flame Event from
[33m[2024-12-17 23:36:04] Blocked from XADA116 Blocked Flame Event from
[33m[2024-12-17 23:36:04] Blocked from TheLoganARG Blocked Flame Event from
[33m[2024-12-17 23:36:04] Blocked from KyleJones69 Blocked Flame Event from
[33m[2024-12-17 23:36:04] Blocked from FDimensional Blocked Flame Event from
[33m[2024-12-17 23:36:04] Blocked from ASTACK0120 Blocked Flame Event from
[33m[2024-12-17 23:36:04] Blocked from TARGET182 Blocked Flame Event from
[33m[2024-12-17 23:36:08] Blocked from Mello Blocked Flame Event from
[33m[2024-12-17 23:36:09] Blocked from Mello Blocked Flame Event from
[33m[2024-12-17 23:36:11] Blocked from TheLoganARG Blocked Flame Event from
[33m[2024-12-17 23:36:11] Blocked from Mello Blocked Flame Event from
[33m[2024-12-17 23:36:12] Blocked from Mello Blocked Flame Event from
[33m[2024-12-17 23:36:15] Blocked from KyleJones69 Blocked Flame Event from
[33m[2024-12-17 23:36:15] Blocked from DDkilian Blocked Flame Event from
[33m[2024-12-17 23:36:15] Blocked from DDkilian Blocked Flame Event from
[33m[2024-12-17 23:47:58] Blocked from O00O0O0O Blocked Explosion Event from
[33m[2024-12-17 23:47:58] Blocked from O00O0O0O Blocked Explosion Event from
[33m[2024-12-17 23:47:58] Blocked from O00O0O0O Blocked Explosion Event from
[33m[2024-12-17 23:47:58] Blocked from O00O0O0O Blocked Explosion Event from
[33m[2024-12-17 23:47:58] Blocked from O00O0O0O Blocked Explosion Event from
[33m[2024-12-17 23:47:58] Blocked from O00O0O0O Blocked Explosion Event from
[33m[2024-12-17 23:47:58] Blocked from O00O0O0O Blocked Explosion Event from
[33m[2024-12-17 23:47:58] Blocked from O00O0O0O Blocked Explosion Event from
[33m[2024-12-17 23:47:58] Blocked from O00O0O0O Blocked Explosion Event from
[33m[2024-12-17 23:47:58] Blocked from O00O0O0O Blocked Explosion Event from
[33m[2024-12-17 23:47:58] Blocked from O00O0O0O Blocked Explosion Event from
[33m[2024-12-17 23:47:58] Blocked from O00O0O0O Blocked Explosion Event from
[33m[2024-12-17 23:47:58] Blocked from O00O0O0O Blocked Explosion Event from
[33m[2024-12-17 23:47:58] Blocked from O00O0O0O Blocked Explosion Event from
[33m[2024-12-17 23:47:58] Blocked from O00O0O0O Blocked Explosion Event from
[33m[2024-12-17 23:47:58] Blocked from O00O0O0O Blocked Explosion Event from
[33m[2024-12-17 23:47:58] Blocked from O00O0O0O Blocked Explosion Event from
[33m[2024-12-17 23:47:58] Blocked from O00O0O0O Blocked Explosion Event from
[33m[2024-12-17 23:47:58] Blocked from O00O0O0O Blocked Explosion Event from
[33m[2024-12-17 23:47:58] Blocked from O00O0O0O Blocked Explosion Event from
[33m[2024-12-17 23:47:58] Blocked from O00O0O0O Blocked Explosion Event from
[33m[2024-12-17 23:47:59] Blocked from O00O0O0O Blocked Explosion Event from
[33m[2024-12-17 23:47:59] Blocked from O00O0O0O Blocked Explosion Event from
[33m[2024-12-17 23:47:59] Blocked from O00O0O0O Blocked Explosion Event from
[33m[2024-12-17 23:47:59] Blocked from O00O0O0O Blocked Explosion Event from
[33m[2024-12-17 23:47:59] Blocked from O00O0O0O Blocked Explosion Event from
[33m[2024-12-17 23:47:59] Blocked from O00O0O0O Blocked Explosion Event from
[33m[2024-12-17 23:47:59] Blocked from O00O0O0O Blocked Explosion Event from
[33m[2024-12-17 23:47:59] Blocked from O00O0O0O Blocked Explosion Event from
[33m[2024-12-17 23:47:59] Blocked from O00O0O0O Blocked Explosion Event from
[33m[2024-12-17 23:47:59] Blocked from O00O0O0O Blocked Explosion Event from
[33m[2024-12-17 23:47:59] Blocked from O00O0O0O Blocked Explosion Event from
[33m[2024-12-17 23:47:59] Blocked from O00O0O0O Blocked Explosion Event from
[33m[2024-12-17 23:47:59] Blocked from O00O0O0O Blocked Explosion Event from
[33m[2024-12-17 23:47:59] Blocked from O00O0O0O Blocked Explosion Event from
[33m[2024-12-17 23:47:59] Blocked from O00O0O0O Blocked Explosion Event from
[33m[2024-12-17 23:47:59] Blocked from O00O0O0O Blocked Explosion Event from
[33m[2024-12-17 23:47:59] Blocked from O00O0O0O Blocked Explosion Event from
[33m[2024-12-17 23:47:59] Blocked from O00O0O0O Blocked Explosion Event from
[33m[2024-12-17 23:47:59] Blocked from O00O0O0O Blocked Explosion Event from
[33m[2024-12-17 23:47:59] Blocked from O00O0O0O Blocked Explosion Event from
[33m[2024-12-17 23:47:59] Blocked from O00O0O0O Blocked Explosion Event from
[33m[2024-12-17 23:47:59] Blocked from O00O0O0O Blocked Explosion Event from
[33m[2024-12-17 23:47:59] Blocked from O00O0O0O Blocked Explosion Event from
[33m[2024-12-17 23:47:59] Blocked from O00O0O0O Blocked Explosion Event from
[33m[2024-12-17 23:47:59] Blocked from O00O0O0O Blocked Explosion Event from
[33m[2024-12-17 23:47:59] Blocked from O00O0O0O Blocked Explosion Event from
[33m[2024-12-17 23:47:59] Blocked from O00O0O0O Blocked Explosion Event from
[33m[2024-12-17 23:47:59] Blocked from O00O0O0O Blocked Explosion Event from
[33m[2024-12-17 23:47:59] Blocked from O00O0O0O Blocked Explosion Event from
[33m[2024-12-17 23:47:59] Blocked from O00O0O0O Blocked Explosion Event from
[33m[2024-12-17 23:47:59] Blocked from O00O0O0O Blocked Explosion Event from
[33m[2024-12-17 23:47:59] Blocked from O00O0O0O Blocked Explosion Event from
[33m[2024-12-17 23:47:59] Blocked from O00O0O0O Blocked Explosion Event from
[33m[2024-12-17 23:47:59] Blocked from O00O0O0O Blocked Explosion Event from
[33m[2024-12-17 23:47:59] Blocked from O00O0O0O Blocked Explosion Event from
[33m[2024-12-17 23:47:59] Blocked from O00O0O0O Blocked Explosion Event from
[33m[2024-12-17 23:47:59] Blocked from O00O0O0O Blocked Explosion Event from
[33m[2024-12-17 23:47:59] Blocked from O00O0O0O Blocked Explosion Event from
[33m[2024-12-17 23:48:00] Blocked from O00O0O0O Blocked Explosion Event from
[33m[2024-12-17 23:48:00] Blocked from O00O0O0O Blocked Explosion Event from
[33m[2024-12-17 23:48:00] Blocked from O00O0O0O Blocked Explosion Event from
[33m[2024-12-17 23:48:00] Blocked from O00O0O0O Blocked Explosion Event from
[33m[2024-12-17 23:48:00] Blocked from O00O0O0O Blocked Explosion Event from
[33m[2024-12-17 23:48:00] Blocked from O00O0O0O Blocked Explosion Event from
[33m[2024-12-17 23:48:00] Blocked from O00O0O0O Blocked Explosion Event from
[33m[2024-12-17 23:48:00] Blocked from O00O0O0O Blocked Explosion Event from
[33m[2024-12-17 23:48:00] Blocked from O00O0O0O Blocked Explosion Event from
[33m[2024-12-17 23:48:00] Blocked from O00O0O0O Blocked Explosion Event from
[33m[2024-12-17 23:48:00] Blocked from O00O0O0O Blocked Explosion Event from
[33m[2024-12-17 23:48:00] Blocked from O00O0O0O Blocked Explosion Event from
[33m[2024-12-17 23:48:00] Blocked from O00O0O0O Blocked Explosion Event from
[33m[2024-12-17 23:48:00] Blocked from O00O0O0O Blocked Explosion Event from
[33m[2024-12-17 23:48:00] Blocked from O00O0O0O Blocked Explosion Event from
[33m[2024-12-17 23:48:00] Blocked from O00O0O0O Blocked Explosion Event from
[33m[2024-12-17 23:48:00] Blocked from O00O0O0O Blocked Explosion Event from
[33m[2024-12-17 23:48:00] Blocked from O00O0O0O Blocked Explosion Event from
[33m[2024-12-17 23:48:00] Blocked from O00O0O0O Blocked Explosion Event from
[33m[2024-12-17 23:48:00] Blocked from O00O0O0O Blocked Explosion Event from
[33m[2024-12-17 23:48:00] Blocked from O00O0O0O Blocked Explosion Event from
[33m[2024-12-17 23:48:00] Blocked from O00O0O0O Blocked Explosion Event from
[33m[2024-12-17 23:48:00] Blocked from O00O0O0O Blocked Explosion Event from
[33m[2024-12-17 23:48:00] Blocked from O00O0O0O Blocked Explosion Event from
[33m[2024-12-17 23:48:00] Blocked from O00O0O0O Blocked Explosion Event from
[33m[2024-12-17 23:48:00] Blocked from O00O0O0O Blocked Explosion Event from
[33m[2024-12-17 23:48:00] Blocked from O00O0O0O Blocked Explosion Event from
[33m[2024-12-17 23:48:00] Blocked from O00O0O0O Blocked Explosion Event from
[33m[2024-12-17 23:48:00] Blocked from O00O0O0O Blocked Explosion Event from
[33m[2024-12-17 23:48:00] Blocked from O00O0O0O Blocked Explosion Event from
[33m[2024-12-17 23:48:00] Blocked from O00O0O0O Blocked Explosion Event from
[33m[2024-12-17 23:48:00] Blocked from O00O0O0O Blocked Explosion Event from
[33m[2024-12-17 23:48:00] Blocked from O00O0O0O Blocked Explosion Event from
[33m[2024-12-17 23:48:01] Blocked from O00O0O0O Blocked Explosion Event from
[33m[2024-12-17 23:48:01] Blocked from O00O0O0O Blocked Explosion Event from
[33m[2024-12-17 23:48:01] Blocked from O00O0O0O Blocked Explosion Event from
[33m[2024-12-17 23:48:01] Blocked from O00O0O0O Blocked Explosion Event from
[33m[2024-12-17 23:48:01] Blocked from O00O0O0O Blocked Explosion Event from
[33m[2024-12-17 23:48:01] Blocked from O00O0O0O Blocked Explosion Event from
[33m[2024-12-17 23:48:01] Blocked from O00O0O0O Blocked Explosion Event from
[33m[2024-12-17 23:48:01] Blocked from O00O0O0O Blocked Explosion Event from
[33m[2024-12-17 23:48:01] Blocked from O00O0O0O Blocked Explosion Event from
[33m[2024-12-17 23:48:01] Blocked from O00O0O0O Blocked Explosion Event from
[33m[2024-12-17 23:48:01] Blocked from O00O0O0O Blocked Explosion Event from
[33m[2024-12-17 23:48:01] Blocked from O00O0O0O Blocked Explosion Event from
[33m[2024-12-17 23:48:01] Blocked from O00O0O0O Blocked Explosion Event from
[33m[2024-12-17 23:48:01] Blocked from O00O0O0O Blocked Explosion Event from
[33m[2024-12-17 23:48:01] Blocked from O00O0O0O Blocked Explosion Event from
[33m[2024-12-17 23:48:01] Blocked from O00O0O0O Blocked Explosion Event from
[33m[2024-12-17 23:48:01] Blocked from O00O0O0O Blocked Explosion Event from
[33m[2024-12-17 23:48:01] Blocked from O00O0O0O Blocked Explosion Event from
[33m[2024-12-17 23:48:01] Blocked from O00O0O0O Blocked Explosion Event from
[33m[2024-12-17 23:48:01] Blocked from O00O0O0O Blocked Explosion Event from
[33m[2024-12-17 23:48:01] Blocked from O00O0O0O Blocked Explosion Event from
[33m[2024-12-17 23:48:01] Blocked from O00O0O0O Blocked Explosion Event from
[33m[2024-12-17 23:48:01] Blocked from O00O0O0O Blocked Explosion Event from
[33m[2024-12-17 23:48:01] Blocked from O00O0O0O Blocked Explosion Event from
[33m[2024-12-17 23:48:01] Blocked from O00O0O0O Blocked Explosion Event from
[33m[2024-12-17 23:48:01] Blocked from O00O0O0O Blocked Explosion Event from
[33m[2024-12-17 23:48:01] Blocked from O00O0O0O Blocked Explosion Event from
[33m[2024-12-17 23:48:01] Blocked from O00O0O0O Blocked Explosion Event from
[33m[2024-12-17 23:48:01] Blocked from O00O0O0O Blocked Explosion Event from
[33m[2024-12-17 23:48:01] Blocked from O00O0O0O Blocked Explosion Event from
[33m[2024-12-17 23:48:01] Blocked from O00O0O0O Blocked Explosion Event from
[33m[2024-12-17 23:48:01] Blocked from O00O0O0O Blocked Explosion Event from
[33m[2024-12-17 23:48:01] Blocked from O00O0O0O Blocked Explosion Event from
[33m[2024-12-17 23:48:02] Blocked from O00O0O0O Blocked Explosion Event from
[33m[2024-12-17 23:48:02] Blocked from O00O0O0O Blocked Explosion Event from
[33m[2024-12-17 23:48:02] Blocked from O00O0O0O Blocked Explosion Event from
[33m[2024-12-17 23:48:02] Blocked from O00O0O0O Blocked Explosion Event from
[33m[2024-12-17 23:48:02] Blocked from O00O0O0O Blocked Explosion Event from
[33m[2024-12-17 23:48:02] Blocked from O00O0O0O Blocked Explosion Event from
[33m[2024-12-17 23:48:02] Blocked from O00O0O0O Blocked Explosion Event from
[33m[2024-12-17 23:48:02] Blocked from O00O0O0O Blocked Explosion Event from
[33m[2024-12-17 23:48:02] Blocked from O00O0O0O Blocked Explosion Event from
[33m[2024-12-17 23:48:02] Blocked from O00O0O0O Blocked Explosion Event from
[33m[2024-12-17 23:48:02] Blocked from O00O0O0O Blocked Explosion Event from
[33m[2024-12-17 23:48:02] Blocked from O00O0O0O Blocked Explosion Event from
[33m[2024-12-17 23:48:02] Blocked from O00O0O0O Blocked Explosion Event from
[33m[2024-12-17 23:48:02] Blocked from O00O0O0O Blocked Explosion Event from
[33m[2024-12-17 23:48:02] Blocked from O00O0O0O Blocked Explosion Event from
[33m[2024-12-17 23:48:02] Blocked from O00O0O0O Blocked Explosion Event from
[33m[2024-12-17 23:48:02] Blocked from O00O0O0O Blocked Explosion Event from
[33m[2024-12-17 23:48:02] Blocked from O00O0O0O Blocked Explosion Event from
[33m[2024-12-17 23:48:02] Blocked from O00O0O0O Blocked Explosion Event from
[33m[2024-12-17 23:48:02] Blocked from O00O0O0O Blocked Explosion Event from
[33m[2024-12-17 23:48:02] Blocked from O00O0O0O Blocked Explosion Event from
[33m[2024-12-17 23:48:02] Blocked from O00O0O0O Blocked Explosion Event from
[33m[2024-12-17 23:48:02] Blocked from O00O0O0O Blocked Explosion Event from
[33m[2024-12-17 23:48:02] Blocked from O00O0O0O Blocked Explosion Event from
[33m[2024-12-17 23:48:02] Blocked from O00O0O0O Blocked Explosion Event from
[33m[2024-12-17 23:48:02] Blocked from O00O0O0O Blocked Explosion Event from
[33m[2024-12-17 23:48:02] Blocked from O00O0O0O Blocked Explosion Event from
[33m[2024-12-17 23:48:02] Blocked from O00O0O0O Blocked Explosion Event from
[33m[2024-12-17 23:48:02] Blocked from O00O0O0O Blocked Explosion Event from
[33m[2024-12-17 23:48:02] Blocked from O00O0O0O Blocked Explosion Event from
[33m[2024-12-17 23:48:02] Blocked from O00O0O0O Blocked Explosion Event from
[33m[2024-12-17 23:48:03] Blocked from O00O0O0O Blocked Explosion Event from
[33m[2024-12-17 23:48:03] Blocked from O00O0O0O Blocked Explosion Event from
[33m[2024-12-17 23:48:03] Blocked from O00O0O0O Blocked Explosion Event from
[33m[2024-12-17 23:48:03] Blocked from O00O0O0O Blocked Explosion Event from
[33m[2024-12-17 23:48:03] Blocked from O00O0O0O Blocked Explosion Event from
[33m[2024-12-17 23:48:03] Blocked from O00O0O0O Blocked Explosion Event from
[33m[2024-12-17 23:48:03] Blocked from O00O0O0O Blocked Explosion Event from
[33m[2024-12-17 23:48:03] Blocked from O00O0O0O Blocked Explosion Event from
[33m[2024-12-17 23:48:03] Blocked from O00O0O0O Blocked Explosion Event from
[33m[2024-12-17 23:48:03] Blocked from O00O0O0O Blocked Explosion Event from
[33m[2024-12-17 23:48:03] Blocked from O00O0O0O Blocked Explosion Event from
[33m[2024-12-17 23:48:03] Blocked from O00O0O0O Blocked Explosion Event from
[33m[2024-12-17 23:48:03] Blocked from O00O0O0O Blocked Explosion Event from
[33m[2024-12-17 23:48:03] Blocked from O00O0O0O Blocked Explosion Event from
[33m[2024-12-17 23:48:03] Blocked from O00O0O0O Blocked Explosion Event from
[33m[2024-12-17 23:48:03] Blocked from O00O0O0O Blocked Explosion Event from
[33m[2024-12-17 23:48:03] Blocked from O00O0O0O Blocked Explosion Event from
[33m[2024-12-17 23:48:03] Blocked from O00O0O0O Blocked Explosion Event from
[33m[2024-12-17 23:48:03] Blocked from O00O0O0O Blocked Explosion Event from
[33m[2024-12-17 23:48:03] Blocked from O00O0O0O Blocked Explosion Event from
[33m[2024-12-17 23:48:03] Blocked from O00O0O0O Blocked Explosion Event from
[33m[2024-12-17 23:48:03] Blocked from O00O0O0O Blocked Explosion Event from
[33m[2024-12-17 23:48:03] Blocked from O00O0O0O Blocked Explosion Event from
[33m[2024-12-17 23:48:03] Blocked from O00O0O0O Blocked Explosion Event from
[33m[2024-12-17 23:48:03] Blocked from O00O0O0O Blocked Explosion Event from
[33m[2024-12-17 23:48:03] Blocked from O00O0O0O Blocked Explosion Event from
[33m[2024-12-17 23:48:03] Blocked from O00O0O0O Blocked Explosion Event from
[33m[2024-12-17 23:48:03] Blocked from O00O0O0O Blocked Explosion Event from
[33m[2024-12-17 23:48:03] Blocked from O00O0O0O Blocked Explosion Event from
[33m[2024-12-17 23:48:03] Blocked from O00O0O0O Blocked Explosion Event from
[33m[2024-12-17 23:48:03] Blocked from O00O0O0O Blocked Explosion Event from
[33m[2024-12-17 23:48:04] Blocked from O00O0O0O Blocked Explosion Event from
[33m[2024-12-17 23:48:04] Blocked from O00O0O0O Blocked Explosion Event from
[33m[2024-12-17 23:48:04] Blocked from O00O0O0O Blocked Explosion Event from
[33m[2024-12-17 23:48:04] Blocked from O00O0O0O Blocked Explosion Event from
[33m[2024-12-17 23:48:04] Blocked from O00O0O0O Blocked Explosion Event from
[33m[2024-12-17 23:48:04] Blocked from O00O0O0O Blocked Explosion Event from
[33m[2024-12-17 23:48:04] Blocked from O00O0O0O Blocked Explosion Event from
[33m[2024-12-17 23:48:04] Blocked from O00O0O0O Blocked Explosion Event from
[33m[2024-12-17 23:48:04] Blocked from O00O0O0O Blocked Explosion Event from
[33m[2024-12-17 23:48:04] Blocked from O00O0O0O Blocked Explosion Event from
[33m[2024-12-17 23:48:04] Blocked from O00O0O0O Blocked Explosion Event from
[33m[2024-12-17 23:48:04] Blocked from O00O0O0O Blocked Explosion Event from
[33m[2024-12-17 23:48:04] Blocked from O00O0O0O Blocked Explosion Event from
[33m[2024-12-17 23:48:04] Blocked from O00O0O0O Blocked Explosion Event from
[33m[2024-12-17 23:48:04] Blocked from O00O0O0O Blocked Explosion Event from
[33m[2024-12-17 23:48:04] Blocked from O00O0O0O Blocked Explosion Event from
[33m[2024-12-17 23:48:04] Blocked from O00O0O0O Blocked Explosion Event from
[33m[2024-12-17 23:48:04] Blocked from O00O0O0O Blocked Explosion Event from
[33m[2024-12-17 23:48:04] Blocked from O00O0O0O Blocked Explosion Event from
[33m[2024-12-17 23:48:04] Blocked from O00O0O0O Blocked Explosion Event from
[33m[2024-12-17 23:48:04] Blocked from O00O0O0O Blocked Explosion Event from
[33m[2024-12-17 23:48:04] Blocked from O00O0O0O Blocked Explosion Event from
[33m[2024-12-17 23:48:04] Blocked from O00O0O0O Blocked Explosion Event from
[33m[2024-12-17 23:48:04] Blocked from O00O0O0O Blocked Explosion Event from
[33m[2024-12-17 23:48:04] Blocked from O00O0O0O Blocked Explosion Event from
[33m[2024-12-17 23:48:04] Blocked from O00O0O0O Blocked Explosion Event from
[33m[2024-12-17 23:48:04] Blocked from O00O0O0O Blocked Explosion Event from
[33m[2024-12-17 23:48:04] Blocked from O00O0O0O Blocked Explosion Event from
[33m[2024-12-17 23:48:04] Blocked from O00O0O0O Blocked Explosion Event from
[33m[2024-12-17 23:48:04] Blocked from O00O0O0O Blocked Explosion Event from
[33m[2024-12-17 23:48:04] Blocked from O00O0O0O Blocked Explosion Event from
[33m[2024-12-17 23:48:04] Blocked from O00O0O0O Blocked Explosion Event from
[33m[2024-12-17 23:48:05] Blocked from O00O0O0O Blocked Explosion Event from
[33m[2024-12-17 23:48:05] Blocked from O00O0O0O Blocked Explosion Event from
[33m[2024-12-17 23:48:05] Blocked from O00O0O0O Blocked Explosion Event from
[33m[2024-12-17 23:48:05] Blocked from O00O0O0O Blocked Explosion Event from
[33m[2024-12-17 23:48:05] Blocked from O00O0O0O Blocked Explosion Event from
[33m[2024-12-17 23:48:05] Blocked from O00O0O0O Blocked Explosion Event from
[33m[2024-12-17 23:48:05] Blocked from O00O0O0O Blocked Explosion Event from
[33m[2024-12-17 23:48:05] Blocked from O00O0O0O Blocked Explosion Event from
[33m[2024-12-17 23:48:05] Blocked from O00O0O0O Blocked Explosion Event from
[33m[2024-12-17 23:48:05] Blocked from O00O0O0O Blocked Explosion Event from
[33m[2024-12-17 23:48:05] Blocked from O00O0O0O Blocked Explosion Event from
[33m[2024-12-17 23:48:05] Blocked from O00O0O0O Blocked Explosion Event from
[33m[2024-12-17 23:48:05] Blocked from O00O0O0O Blocked Explosion Event from
[33m[2024-12-17 23:48:05] Blocked from O00O0O0O Blocked Explosion Event from
[33m[2024-12-17 23:48:05] Blocked from O00O0O0O Blocked Explosion Event from
[33m[2024-12-17 23:48:05] Blocked from O00O0O0O Blocked Explosion Event from
[33m[2024-12-17 23:48:05] Blocked from O00O0O0O Blocked Explosion Event from
[33m[2024-12-17 23:48:05] Blocked from O00O0O0O Blocked Explosion Event from
[33m[2024-12-17 23:48:05] Blocked from O00O0O0O Blocked Explosion Event from
[33m[2024-12-17 23:48:05] Blocked from O00O0O0O Blocked Explosion Event from
[33m[2024-12-17 23:48:05] Blocked from O00O0O0O Blocked Explosion Event from
[33m[2024-12-17 23:48:05] Blocked from O00O0O0O Blocked Explosion Event from
[33m[2024-12-17 23:48:05] Blocked from O00O0O0O Blocked Explosion Event from
[33m[2024-12-17 23:48:05] Blocked from O00O0O0O Blocked Explosion Event from
[33m[2024-12-17 23:48:05] Blocked from O00O0O0O Blocked Explosion Event from
[33m[2024-12-17 23:48:05] Blocked from O00O0O0O Blocked Explosion Event from
[33m[2024-12-17 23:48:05] Blocked from O00O0O0O Blocked Explosion Event from
[33m[2024-12-17 23:48:05] Blocked from O00O0O0O Blocked Explosion Event from
[33m[2024-12-17 23:48:05] Blocked from O00O0O0O Blocked Explosion Event from
[33m[2024-12-17 23:48:05] Blocked from O00O0O0O Blocked Explosion Event from
[33m[2024-12-17 23:48:05] Blocked from O00O0O0O Blocked Explosion Event from
[33m[2024-12-17 23:48:05] Blocked from O00O0O0O Blocked Explosion Event from
[33m[2024-12-17 23:48:05] Blocked from O00O0O0O Blocked Explosion Event from
[33m[2024-12-17 23:48:05] Blocked from O00O0O0O Blocked Explosion Event from
[33m[2024-12-17 23:48:05] Blocked from O00O0O0O Blocked Explosion Event from
[33m[2024-12-17 23:48:05] Blocked from O00O0O0O Blocked Explosion Event from
[33m[2024-12-17 23:48:05] Blocked from O00O0O0O Blocked Explosion Event from
[33m[2024-12-17 23:48:05] Blocked from O00O0O0O Blocked Explosion Event from
[33m[2024-12-17 23:48:05] Blocked from O00O0O0O Blocked Explosion Event from
[33m[2024-12-17 23:48:06] Blocked from O00O0O0O Blocked Explosion Event from
[33m[2024-12-17 23:48:06] Blocked from O00O0O0O Blocked Explosion Event from
[33m[2024-12-17 23:48:06] Blocked from O00O0O0O Blocked Explosion Event from
[33m[2024-12-17 23:48:06] Blocked from O00O0O0O Blocked Explosion Event from
[33m[2024-12-17 23:48:06] Blocked from O00O0O0O Blocked Explosion Event from
[33m[2024-12-17 23:48:06] Blocked from O00O0O0O Blocked Explosion Event from
[33m[2024-12-17 23:48:06] Blocked from O00O0O0O Blocked Explosion Event from
[33m[2024-12-17 23:48:06] Blocked from O00O0O0O Blocked Explosion Event from
[33m[2024-12-17 23:48:06] Blocked from O00O0O0O Blocked Explosion Event from
[33m[2024-12-17 23:48:06] Blocked from O00O0O0O Blocked Explosion Event from
[33m[2024-12-17 23:48:06] Blocked from O00O0O0O Blocked Explosion Event from
[33m[2024-12-17 23:48:06] Blocked from O00O0O0O Blocked Explosion Event from
[33m[2024-12-17 23:48:06] Blocked from O00O0O0O Blocked Explosion Event from
[33m[2024-12-17 23:48:06] Blocked from O00O0O0O Blocked Explosion Event from
[33m[2024-12-17 23:48:06] Blocked from O00O0O0O Blocked Explosion Event from
[33m[2024-12-17 23:48:06] Blocked from O00O0O0O Blocked Explosion Event from
[33m[2024-12-17 23:48:06] Blocked from O00O0O0O Blocked Explosion Event from
[33m[2024-12-17 23:48:06] Blocked from O00O0O0O Blocked Explosion Event from
[33m[2024-12-17 23:48:06] Blocked from O00O0O0O Blocked Explosion Event from
[33m[2024-12-17 23:48:06] Blocked from O00O0O0O Blocked Explosion Event from
[33m[2024-12-17 23:48:06] Blocked from O00O0O0O Blocked Explosion Event from
[33m[2024-12-17 23:48:06] Blocked from O00O0O0O Blocked Explosion Event from
[33m[2024-12-17 23:48:06] Blocked from O00O0O0O Blocked Explosion Event from
[33m[2024-12-17 23:48:06] Blocked from O00O0O0O Blocked Explosion Event from
[33m[2024-12-17 23:48:06] Blocked from O00O0O0O Blocked Explosion Event from
[33m[2024-12-17 23:48:06] Blocked from O00O0O0O Blocked Explosion Event from
[33m[2024-12-17 23:48:06] Blocked from O00O0O0O Blocked Explosion Event from
[33m[2024-12-17 23:48:06] Blocked from O00O0O0O Blocked Explosion Event from
[33m[2024-12-17 23:48:06] Blocked from O00O0O0O Blocked Explosion Event from
[33m[2024-12-17 23:48:06] Blocked from O00O0O0O Blocked Explosion Event from
[33m[2024-12-17 23:48:06] Blocked from O00O0O0O Blocked Explosion Event from
[33m[2024-12-17 23:48:06] Blocked from O00O0O0O Blocked Explosion Event from
[33m[2024-12-17 23:48:06] Blocked from O00O0O0O Blocked Explosion Event from
[33m[2024-12-17 23:48:06] Blocked from O00O0O0O Blocked Explosion Event from
[33m[2024-12-17 23:48:06] Blocked from O00O0O0O Blocked Explosion Event from
[33m[2024-12-17 23:48:06] Blocked from O00O0O0O Blocked Explosion Event from
[33m[2024-12-17 23:48:07] Blocked from O00O0O0O Blocked Explosion Event from
[33m[2024-12-17 23:48:07] Blocked from O00O0O0O Blocked Explosion Event from
[33m[2024-12-17 23:48:07] Blocked from O00O0O0O Blocked Explosion Event from
[33m[2024-12-17 23:48:07] Blocked from O00O0O0O Blocked Explosion Event from
[33m[2024-12-17 23:48:07] Blocked from O00O0O0O Blocked Explosion Event from
[33m[2024-12-17 23:48:07] Blocked from O00O0O0O Blocked Explosion Event from
[33m[2024-12-17 23:48:07] Blocked from O00O0O0O Blocked Explosion Event from
[33m[2024-12-17 23:48:07] Blocked from O00O0O0O Blocked Explosion Event from
[33m[2024-12-17 23:48:07] Blocked from O00O0O0O Blocked Explosion Event from
[33m[2024-12-17 23:48:07] Blocked from O00O0O0O Blocked Explosion Event from
[33m[2024-12-17 23:48:07] Blocked from O00O0O0O Blocked Explosion Event from
[33m[2024-12-17 23:48:07] Blocked from O00O0O0O Blocked Explosion Event from
[33m[2024-12-17 23:48:07] Blocked from O00O0O0O Blocked Explosion Event from
[33m[2024-12-17 23:48:07] Blocked from O00O0O0O Blocked Explosion Event from
[33m[2024-12-17 23:48:07] Blocked from O00O0O0O Blocked Explosion Event from
[33m[2024-12-17 23:48:07] Blocked from O00O0O0O Blocked Explosion Event from
[33m[2024-12-17 23:48:07] Blocked from O00O0O0O Blocked Explosion Event from
[33m[2024-12-17 23:48:07] Blocked from O00O0O0O Blocked Explosion Event from
[33m[2024-12-17 23:48:07] Blocked from O00O0O0O Blocked Explosion Event from
[33m[2024-12-17 23:48:07] Blocked from O00O0O0O Blocked Explosion Event from
[33m[2024-12-17 23:54:58] Blocked from ChiefLongbow33 Blocked Flame Event from
[33m[2024-12-17 23:55:05] Blocked from ChiefLongbow33 Blocked Flame Event from
[33m[2024-12-17 23:55:26] Blocked from Moschops21 Blocked Flame Event from
[33m[2024-12-17 23:55:28] Blocked from Scorpion_Sniper Blocked Flame Event from
[33m[2024-12-17 23:55:28] Blocked from Moschops21 Blocked Flame Event from
[33m[2024-12-17 23:55:33] Blocked from Moschops21 Blocked Flame Event from
[33m[2024-12-17 23:55:34] Blocked from Moschops21 Blocked Flame Event from
[33m[2024-12-17 23:55:36] Blocked from Moschops21 Blocked Flame Event from
[33m[2024-12-17 23:55:39] Blocked from Moschops21 Blocked Flame Event from
[33m[2024-12-17 23:55:41] Blocked from Moschops21 Blocked Flame Event from
[33m[2024-12-17 23:55:53] Blocked from Kestrel_17 Blocked Flame Event from
[33m[2024-12-17 23:56:15] Blocked from Volkiva Blocked Flame Event from
[33m[2024-12-17 23:56:15] Blocked from Volkiva Blocked Flame Event from
[33m[2024-12-17 23:56:16] Blocked from Volkiva Blocked Flame Event from
