[32m[2024-12-16 15:25:45] Welcome to Family Menu
[32m[2024-12-16 15:25:45] Free Application
[32m[2024-12-16 15:25:45] https://discord.gg/4Xz2ERPw
[34m[2024-12-16 15:25:45] Gt hook
[34m[2024-12-16 15:25:45] Gp hook
[34m[2024-12-16 15:25:45] Is hook
[34m[2024-12-16 15:25:45] St hook
[34m[2024-12-16 15:25:45] Gi hook
[34m[2024-12-16 15:25:45] Id hook
[34m[2024-12-16 15:25:45] Ic hook
[34m[2024-12-16 15:25:45] Gh hook
[34m[2024-12-16 15:25:45] Fv hook
[34m[2024-12-16 15:25:45] Iq hook
[34m[2024-12-16 15:25:46] Qd hook
[34m[2024-12-16 15:25:46] Ht hook
[34m[2024-12-16 15:25:46] Ph hook
[34m[2024-12-16 15:25:46] Ct hook
[34m[2024-12-16 15:25:46] Vx hook
[34m[2024-12-16 15:25:46] Gl hook
[34m[2024-12-16 15:25:46] Sg hook
[34m[2024-12-16 15:25:46] Se hook
[34m[2024-12-16 15:25:46] Vf hook
[34m[2024-12-16 15:25:46] Dc hook
[34m[2024-12-16 15:25:46] Hd hook
[34m[2024-12-16 15:25:46] Sm hook
[34m[2024-12-16 15:25:46] Gf hook
[34m[2024-12-16 15:25:47] Tf hook
[34m[2024-12-16 15:25:47] Ea hook
[34m[2024-12-16 15:25:47] Hg hook
[34m[2024-12-16 15:25:47] Wp hook
[34m[2024-12-16 15:25:47] Eb hook
[34m[2024-12-16 15:25:47] Ws hook
[34m[2024-12-16 15:25:47] Gf hook
[34m[2024-12-16 15:25:47] Pp Hook
[34m[2024-12-16 15:25:47] Vp Hook
[34m[2024-12-16 15:25:47] Hq hook
[34m[2024-12-16 15:25:47] No hook
[34m[2024-12-16 15:25:47] Nr hook
[34m[2024-12-16 15:25:47] Pi Hook
[34m[2024-12-16 15:25:47] Hc hook
[34m[2024-12-16 15:25:48] Op Hook
[34m[2024-12-16 15:25:48] Np hook
[34m[2024-12-16 15:25:48] Rs hook
[34m[2024-12-16 15:25:48] Go hook
[34m[2024-12-16 15:25:48] Ca hook
[34m[2024-12-16 15:25:48] Hg hook
[34m[2024-12-16 15:25:48] Rc hook
[34m[2024-12-16 15:25:48] Fr Hook
[34m[2024-12-16 15:25:48] Aq hook
[34m[2024-12-16 15:25:48] Ai hook
[33m[2024-12-16 15:25:48] Vulkan
[32m[2024-12-16 15:25:48] Gi Info
[32m[2024-12-16 15:25:48] Sk Info
[32m[2024-12-16 15:25:48] Dg Info
[32m[2024-12-16 15:25:49] Hi Info
[32m[2024-12-16 15:25:49] Si Info
[32m[2024-12-16 15:25:49] Fi Info
[32m[2024-12-16 15:25:49] Gi Info
[32m[2024-12-16 15:25:49] Ns Info
[32m[2024-12-16 15:25:49] Fi Info
[33m[2024-12-16 15:25:49] Li Info
[32m[2024-12-16 15:25:49] Sa Info
[32m[2024-12-16 15:25:49] Menu Key : F4
[32m[2024-12-16 15:25:49] Unload Key : END
[33m[2024-12-16 16:26:49] Blocked from Smokerathlete Blocked Control Event from
[33m[2024-12-16 16:26:49] Blocked from Smokerathlete Blocked Control Event from
[33m[2024-12-16 16:26:49] Blocked from Smokerathlete Blocked Control Event from
[33m[2024-12-16 16:29:14] Blocked from Smokerathlete Blocked Control Event from
[33m[2024-12-16 16:29:15] Blocked from Smokerathlete Blocked Control Event from
[33m[2024-12-16 16:29:15] Blocked from Smokerathlete Blocked Control Event from
[33m[2024-12-16 16:29:22] Blocked from Smokerathlete Blocked Control Event from
[33m[2024-12-16 16:29:22] Blocked from Smokerathlete Blocked Control Event from
[33m[2024-12-16 16:30:19] Blocked from Smokerathlete Blocked Control Event from
[33m[2024-12-16 16:30:36] Blocked from Smokerathlete Blocked Control Event from
[33m[2024-12-16 16:30:53] Blocked from Smokerathlete Blocked Control Event from
[33m[2024-12-16 16:30:53] Blocked from Smokerathlete Blocked Control Event from
[33m[2024-12-16 16:30:55] Blocked from Smokerathlete Blocked Control Event from
[33m[2024-12-16 16:31:27] Blocked from Smokerathlete Blocked Control Event from
[33m[2024-12-16 16:31:28] Blocked from Smokerathlete Blocked Control Event from
[33m[2024-12-16 16:31:51] Blocked from Smokerathlete Blocked Control Event from
[33m[2024-12-16 16:32:02] Blocked from Smokerathlete Blocked Control Event from
[33m[2024-12-16 16:32:02] Blocked from Smokerathlete Blocked Control Event from
[33m[2024-12-16 16:50:12] Blocked from Leviathos04 Blocked Flame Event from
[33m[2024-12-16 16:50:12] Blocked from Leviathos04 Blocked Flame Event from
[33m[2024-12-16 16:50:12] Blocked from Leviathos04 Blocked Flame Event from
[33m[2024-12-16 16:50:12] Blocked from Leviathos04 Blocked Flame Event from
[33m[2024-12-16 16:50:27] Blocked from Coffeeologist Blocked Flame Event from
[33m[2024-12-16 16:50:27] Blocked from Coffeeologist Blocked Flame Event from
[33m[2024-12-16 16:50:28] Blocked from Coffeeologist Blocked Flame Event from
[33m[2024-12-16 16:50:28] Blocked from Coffeeologist Blocked Flame Event from
[33m[2024-12-16 16:50:28] Blocked from Coffeeologist Blocked Flame Event from
[33m[2024-12-16 16:50:28] Blocked from Coffeeologist Blocked Flame Event from
[33m[2024-12-16 16:50:28] Blocked from Coffeeologist Blocked Flame Event from
[33m[2024-12-16 16:51:07] Blocked from Greasy_Chad Blocked Flame Event from
[33m[2024-12-16 16:51:07] Blocked from Greasy_Chad Blocked Flame Event from
[33m[2024-12-16 16:51:07] Blocked from Greasy_Chad Blocked Flame Event from
[33m[2024-12-16 16:51:08] Blocked from Greasy_Chad Blocked Flame Event from
[33m[2024-12-16 16:51:12] Blocked from Greasy_Chad Blocked Flame Event from
