[32m[2024-12-16 13:05:02] Welcome to Family Menu
[32m[2024-12-16 13:05:02] Free Application
[32m[2024-12-16 13:05:02] https://discord.gg/4Xz2ERPw
[34m[2024-12-16 13:05:02] Gt hook
[34m[2024-12-16 13:05:02] Gp hook
[34m[2024-12-16 13:05:02] Is hook
[34m[2024-12-16 13:05:02] Ic hook
[34m[2024-12-16 13:05:02] Gh hook
[34m[2024-12-16 13:05:02] St hook
[34m[2024-12-16 13:05:02] Iq hook
[34m[2024-12-16 13:05:02] Gi hook
[34m[2024-12-16 13:05:02] Id hook
[34m[2024-12-16 13:05:02] Qd hook
[34m[2024-12-16 13:05:02] Fv hook
[34m[2024-12-16 13:05:03] Ht hook
[34m[2024-12-16 13:05:03] Ph hook
[34m[2024-12-16 13:05:03] Ct hook
[34m[2024-12-16 13:05:03] Vx hook
[34m[2024-12-16 13:05:03] Gl hook
[34m[2024-12-16 13:05:03] Vf hook
[34m[2024-12-16 13:05:03] Sg hook
[34m[2024-12-16 13:05:03] Gf hook
[34m[2024-12-16 13:05:03] Se hook
[34m[2024-12-16 13:05:04] Wp hook
[34m[2024-12-16 13:05:04] Tf hook
[34m[2024-12-16 13:05:04] Hd hook
[34m[2024-12-16 13:05:04] Sm hook
[34m[2024-12-16 13:05:04] Dc hook
[34m[2024-12-16 13:05:04] Ea hook
[34m[2024-12-16 13:05:04] Ws hook
[34m[2024-12-16 13:05:04] Hq hook
[34m[2024-12-16 13:05:04] Gf hook
[34m[2024-12-16 13:05:04] Eb hook
[34m[2024-12-16 13:05:04] Pp Hook
[34m[2024-12-16 13:05:04] Vp Hook
[34m[2024-12-16 13:05:04] Hg hook
[34m[2024-12-16 13:05:04] Hg hook
[34m[2024-12-16 13:05:04] No hook
[34m[2024-12-16 13:05:04] Pi Hook
[34m[2024-12-16 13:05:04] Op Hook
[34m[2024-12-16 13:05:04] Nr hook
[34m[2024-12-16 13:05:05] Go hook
[34m[2024-12-16 13:05:05] Ca hook
[34m[2024-12-16 13:05:05] Rc hook
[34m[2024-12-16 13:05:05] Np hook
[34m[2024-12-16 13:05:05] Rs hook
[34m[2024-12-16 13:05:05] Hc hook
[34m[2024-12-16 13:05:05] Fr Hook
[34m[2024-12-16 13:05:05] Aq hook
[34m[2024-12-16 13:05:05] Ai hook
[33m[2024-12-16 13:05:05] Vulkan
[32m[2024-12-16 13:05:06] Gi Info
[32m[2024-12-16 13:05:06] Sk Info
[32m[2024-12-16 13:05:06] Dg Info
[32m[2024-12-16 13:05:06] Hi Info
[32m[2024-12-16 13:05:06] Si Info
[32m[2024-12-16 13:05:06] Fi Info
[32m[2024-12-16 13:05:06] Gi Info
[32m[2024-12-16 13:05:06] Ns Info
[32m[2024-12-16 13:05:06] Fi Info
[33m[2024-12-16 13:05:06] Li Info
[32m[2024-12-16 13:05:06] Sa Info
[32m[2024-12-16 13:05:06] Menu Key : F4
[32m[2024-12-16 13:05:06] Unload Key : END
[32m[2024-12-16 13:06:17] Ud Remove
[32m[2024-12-16 13:06:17] Su Remove
[32m[2024-12-16 13:06:17] Fu Remove
[32m[2024-12-16 13:06:17] Hd Remove
[32m[2024-12-16 13:06:17] Rd Remove
[32m[2024-12-16 13:06:17] Pe Remove
[33m[2024-12-16 13:06:17] Lu Remove
[32m[2024-12-16 13:06:17] Fu Remove
[32m[2024-12-16 13:06:17] Fl Remove
