[32m[2024-12-16 14:54:46] Welcome to Family Menu
[32m[2024-12-16 14:54:46] Free Application
[32m[2024-12-16 14:54:46] https://discord.gg/4Xz2ERPw
[34m[2024-12-16 14:54:46] Gt hook
[34m[2024-12-16 14:54:46] Gp hook
[34m[2024-12-16 14:54:46] Is hook
[34m[2024-12-16 14:54:46] St hook
[34m[2024-12-16 14:54:46] Ic hook
[34m[2024-12-16 14:54:46] Id hook
[34m[2024-12-16 14:54:46] Gi hook
[34m[2024-12-16 14:54:46] Gh hook
[34m[2024-12-16 14:54:46] Fv hook
[34m[2024-12-16 14:54:46] Iq hook
[34m[2024-12-16 14:54:47] Qd hook
[34m[2024-12-16 14:54:47] Ph hook
[34m[2024-12-16 14:54:47] Ht hook
[34m[2024-12-16 14:54:47] Ct hook
[34m[2024-12-16 14:54:47] Vx hook
[34m[2024-12-16 14:54:47] Gl hook
[34m[2024-12-16 14:54:47] Se hook
[34m[2024-12-16 14:54:47] Sm hook
[34m[2024-12-16 14:54:47] Vf hook
[34m[2024-12-16 14:54:47] Hd hook
[34m[2024-12-16 14:54:47] Sg hook
[34m[2024-12-16 14:54:47] Gf hook
[34m[2024-12-16 14:54:47] Dc hook
[34m[2024-12-16 14:54:47] Wp hook
[34m[2024-12-16 14:54:48] Gf hook
[34m[2024-12-16 14:54:48] Tf hook
[34m[2024-12-16 14:54:48] Hg hook
[34m[2024-12-16 14:54:48] Ea hook
[34m[2024-12-16 14:54:48] Eb hook
[34m[2024-12-16 14:54:48] Ws hook
[34m[2024-12-16 14:54:48] Pp Hook
[34m[2024-12-16 14:54:48] Vp Hook
[34m[2024-12-16 14:54:48] No hook
[34m[2024-12-16 14:54:48] Np hook
[34m[2024-12-16 14:54:48] Hg hook
[34m[2024-12-16 14:54:48] Op Hook
[34m[2024-12-16 14:54:48] Pi Hook
[34m[2024-12-16 14:54:48] Hq hook
[34m[2024-12-16 14:54:48] Ca hook
[34m[2024-12-16 14:54:48] Go hook
[34m[2024-12-16 14:54:49] Rc hook
[34m[2024-12-16 14:54:49] Hc hook
[34m[2024-12-16 14:54:49] Nr hook
[34m[2024-12-16 14:54:49] Rs hook
[34m[2024-12-16 14:54:49] Fr Hook
[34m[2024-12-16 14:54:49] Aq hook
[34m[2024-12-16 14:54:49] Ai hook
[33m[2024-12-16 14:54:49] Vulkan
[32m[2024-12-16 14:54:49] Gi Info
[32m[2024-12-16 14:54:49] Sk Info
[32m[2024-12-16 14:54:49] Dg Info
[32m[2024-12-16 14:54:50] Hi Info
[32m[2024-12-16 14:54:50] Si Info
[32m[2024-12-16 14:54:50] Fi Info
[32m[2024-12-16 14:54:50] Gi Info
[32m[2024-12-16 14:54:50] Ns Info
[32m[2024-12-16 14:54:50] Fi Info
[33m[2024-12-16 14:54:50] Li Info
[32m[2024-12-16 14:54:50] Sa Info
[32m[2024-12-16 14:54:50] Menu Key : F4
[32m[2024-12-16 14:54:50] Unload Key : END
