[32m[2024-12-16 13:02:39] Welcome to Family Menu
[32m[2024-12-16 13:02:39] Free Application
[32m[2024-12-16 13:02:39] https://discord.gg/4Xz2ERPw
[34m[2024-12-16 13:02:39] Gt hook
[34m[2024-12-16 13:02:39] Gp hook
[34m[2024-12-16 13:02:39] Is hook
[34m[2024-12-16 13:02:39] St hook
[34m[2024-12-16 13:02:39] Id hook
[34m[2024-12-16 13:02:39] Ic hook
[34m[2024-12-16 13:02:39] Gi hook
[34m[2024-12-16 13:02:39] Gh hook
[34m[2024-12-16 13:02:39] Fv hook
[34m[2024-12-16 13:02:39] Iq hook
[34m[2024-12-16 13:02:40] Ht hook
[34m[2024-12-16 13:02:40] Qd hook
[34m[2024-12-16 13:02:40] Ph hook
[34m[2024-12-16 13:02:40] Se hook
[34m[2024-12-16 13:02:40] Vx hook
[34m[2024-12-16 13:02:40] Sg hook
[34m[2024-12-16 13:02:40] Ct hook
[34m[2024-12-16 13:02:40] Sm hook
[34m[2024-12-16 13:02:40] Gl hook
[34m[2024-12-16 13:02:40] Hd hook
[34m[2024-12-16 13:02:40] Gf hook
[34m[2024-12-16 13:02:40] Vf hook
[34m[2024-12-16 13:02:40] Dc hook
[34m[2024-12-16 13:02:40] Wp hook
[34m[2024-12-16 13:02:41] Tf hook
[34m[2024-12-16 13:02:41] Gf hook
[34m[2024-12-16 13:02:41] Eb hook
[34m[2024-12-16 13:02:41] Hg hook
[34m[2024-12-16 13:02:41] Ws hook
[34m[2024-12-16 13:02:41] Ea hook
[34m[2024-12-16 13:02:41] Pp Hook
[34m[2024-12-16 13:02:41] Hg hook
[34m[2024-12-16 13:02:41] No hook
[34m[2024-12-16 13:02:41] Vp Hook
[34m[2024-12-16 13:02:41] Hq hook
[34m[2024-12-16 13:02:41] Pi Hook
[34m[2024-12-16 13:02:41] Op Hook
[34m[2024-12-16 13:02:41] Hc hook
[34m[2024-12-16 13:02:41] Np hook
[34m[2024-12-16 13:02:41] Nr hook
[34m[2024-12-16 13:02:41] Go hook
[34m[2024-12-16 13:02:42] Rc hook
[34m[2024-12-16 13:02:42] Ca hook
[34m[2024-12-16 13:02:42] Fr Hook
[34m[2024-12-16 13:02:42] Rs hook
[34m[2024-12-16 13:02:42] Aq hook
[34m[2024-12-16 13:02:42] Ai hook
[33m[2024-12-16 13:02:42] Vulkan
[32m[2024-12-16 13:02:42] Gi Info
[32m[2024-12-16 13:02:42] Sk Info
[32m[2024-12-16 13:02:42] Dg Info
[32m[2024-12-16 13:02:43] Hi Info
[32m[2024-12-16 13:02:43] Si Info
[32m[2024-12-16 13:02:43] Fi Info
[32m[2024-12-16 13:02:43] Gi Info
[32m[2024-12-16 13:02:43] Ns Info
[32m[2024-12-16 13:02:43] Fi Info
[33m[2024-12-16 13:02:43] Li Info
[32m[2024-12-16 13:02:43] Sa Info
[32m[2024-12-16 13:02:43] Menu Key : F4
[32m[2024-12-16 13:02:43] Unload Key : END
[32m[2024-12-16 13:02:59] Ud Remove
[32m[2024-12-16 13:02:59] Su Remove
[32m[2024-12-16 13:02:59] Fu Remove
[32m[2024-12-16 13:02:59] Hd Remove
[32m[2024-12-16 13:02:59] Rd Remove
[32m[2024-12-16 13:02:59] Pe Remove
[33m[2024-12-16 13:02:59] Lu Remove
[32m[2024-12-16 13:02:59] Fu Remove
[32m[2024-12-16 13:02:59] Fl Remove
