[32m[2024-12-16 13:11:12] Welcome to Family Menu
[32m[2024-12-16 13:11:12] Free Application
[32m[2024-12-16 13:11:12] https://discord.gg/4Xz2ERPw
[34m[2024-12-16 13:11:12] Gt hook
[34m[2024-12-16 13:11:12] Gp hook
[34m[2024-12-16 13:11:12] Is hook
[34m[2024-12-16 13:11:12] St hook
[34m[2024-12-16 13:11:12] Ic hook
[34m[2024-12-16 13:11:12] Gi hook
[34m[2024-12-16 13:11:12] Id hook
[34m[2024-12-16 13:11:12] Gh hook
[34m[2024-12-16 13:11:12] Fv hook
[34m[2024-12-16 13:11:13] Iq hook
[34m[2024-12-16 13:11:13] Qd hook
[34m[2024-12-16 13:11:13] Ph hook
[34m[2024-12-16 13:11:13] Ht hook
[34m[2024-12-16 13:11:13] Vx hook
[34m[2024-12-16 13:11:13] Ct hook
[34m[2024-12-16 13:11:13] Se hook
[34m[2024-12-16 13:11:13] Gl hook
[34m[2024-12-16 13:11:13] Sg hook
[34m[2024-12-16 13:11:13] Sm hook
[34m[2024-12-16 13:11:13] Vf hook
[34m[2024-12-16 13:11:13] Gf hook
[34m[2024-12-16 13:11:13] Hd hook
[34m[2024-12-16 13:11:13] Dc hook
[34m[2024-12-16 13:11:14] Wp hook
[34m[2024-12-16 13:11:14] Tf hook
[34m[2024-12-16 13:11:14] Gf hook
[34m[2024-12-16 13:11:14] Hg hook
[34m[2024-12-16 13:11:14] Eb hook
[34m[2024-12-16 13:11:14] Ea hook
[34m[2024-12-16 13:11:14] Ws hook
[34m[2024-12-16 13:11:14] Pp Hook
[34m[2024-12-16 13:11:14] Hq hook
[34m[2024-12-16 13:11:14] Vp Hook
[34m[2024-12-16 13:11:14] Hg hook
[34m[2024-12-16 13:11:14] Pi Hook
[34m[2024-12-16 13:11:14] No hook
[34m[2024-12-16 13:11:14] Np hook
[34m[2024-12-16 13:11:14] Op Hook
[34m[2024-12-16 13:11:14] Nr hook
[34m[2024-12-16 13:11:15] Go hook
[34m[2024-12-16 13:11:15] Ca hook
[34m[2024-12-16 13:11:15] Rc hook
[34m[2024-12-16 13:11:15] Hc hook
[34m[2024-12-16 13:11:15] Rs hook
[34m[2024-12-16 13:11:15] Fr Hook
[34m[2024-12-16 13:11:15] Aq hook
[34m[2024-12-16 13:11:15] Ai hook
[33m[2024-12-16 13:11:15] Vulkan
[32m[2024-12-16 13:11:15] Gi Info
[32m[2024-12-16 13:11:15] Sk Info
[32m[2024-12-16 13:11:15] Dg Info
[32m[2024-12-16 13:11:16] Hi Info
[32m[2024-12-16 13:11:16] Si Info
[32m[2024-12-16 13:11:16] Fi Info
[32m[2024-12-16 13:11:16] Gi Info
[32m[2024-12-16 13:11:16] Ns Info
[32m[2024-12-16 13:11:16] Fi Info
[33m[2024-12-16 13:11:16] Li Info
[32m[2024-12-16 13:11:16] Sa Info
[32m[2024-12-16 13:11:16] Menu Key : F4
[32m[2024-12-16 13:11:16] Unload Key : END
[32m[2024-12-16 13:19:40] can doe any because entity dont exist
[32m[2024-12-16 13:19:42] can doe any because entity dont exist
[32m[2024-12-16 13:19:43] can doe any because entity dont exist
[32m[2024-12-16 13:19:44] can doe any because entity dont exist
[32m[2024-12-16 13:19:44] can doe any because entity dont exist
[32m[2024-12-16 13:19:45] can doe any because entity dont exist
[32m[2024-12-16 13:19:56] can doe any because entity dont exist
[32m[2024-12-16 13:19:59] can doe any because entity dont exist
[32m[2024-12-16 13:20:00] can doe any because entity dont exist
[32m[2024-12-16 13:20:03] can doe any because entity dont exist
[32m[2024-12-16 13:20:04] can doe any because entity dont exist
[32m[2024-12-16 13:20:05] can doe any because entity dont exist
[32m[2024-12-16 13:20:07] can doe any because entity dont exist
[32m[2024-12-16 13:20:09] can doe any because entity dont exist
[32m[2024-12-16 13:20:10] can doe any because entity dont exist
